  Main.cpp
C:\Users\gronk the conqueror\source\repos\Final_Project_PTA\Final_Project_PTA\Main.cpp(62,53): warning C4473: 'scanf_s' : not enough arguments passed for format string
C:\Users\gronk the conqueror\source\repos\Final_Project_PTA\Final_Project_PTA\Main.cpp(62,53): message : placeholders and their parameters expect 2 variadic arguments, but 1 were provided
C:\Users\gronk the conqueror\source\repos\Final_Project_PTA\Final_Project_PTA\Main.cpp(62,53): message : the missing variadic argument 2 is required by format string '%c'
C:\Users\gronk the conqueror\source\repos\Final_Project_PTA\Final_Project_PTA\Main.cpp(62,53): message : this argument is used as a buffer size
C:\Users\gronk the conqueror\source\repos\Final_Project_PTA\Final_Project_PTA\Main.cpp(81,55): warning C4473: 'scanf_s' : not enough arguments passed for format string
C:\Users\gronk the conqueror\source\repos\Final_Project_PTA\Final_Project_PTA\Main.cpp(81,55): message : placeholders and their parameters expect 2 variadic arguments, but 1 were provided
C:\Users\gronk the conqueror\source\repos\Final_Project_PTA\Final_Project_PTA\Main.cpp(81,55): message : the missing variadic argument 2 is required by format string '%c'
C:\Users\gronk the conqueror\source\repos\Final_Project_PTA\Final_Project_PTA\Main.cpp(81,55): message : this argument is used as a buffer size
C:\Users\gronk the conqueror\source\repos\Final_Project_PTA\Final_Project_PTA\Main.cpp(127,53): warning C4473: 'scanf_s' : not enough arguments passed for format string
C:\Users\gronk the conqueror\source\repos\Final_Project_PTA\Final_Project_PTA\Main.cpp(127,53): message : placeholders and their parameters expect 2 variadic arguments, but 1 were provided
C:\Users\gronk the conqueror\source\repos\Final_Project_PTA\Final_Project_PTA\Main.cpp(127,53): message : the missing variadic argument 2 is required by format string '%c'
C:\Users\gronk the conqueror\source\repos\Final_Project_PTA\Final_Project_PTA\Main.cpp(127,53): message : this argument is used as a buffer size
C:\Users\gronk the conqueror\source\repos\Final_Project_PTA\Final_Project_PTA\Main.cpp(146,54): warning C4473: 'scanf_s' : not enough arguments passed for format string
C:\Users\gronk the conqueror\source\repos\Final_Project_PTA\Final_Project_PTA\Main.cpp(146,54): message : placeholders and their parameters expect 2 variadic arguments, but 1 were provided
C:\Users\gronk the conqueror\source\repos\Final_Project_PTA\Final_Project_PTA\Main.cpp(146,54): message : the missing variadic argument 2 is required by format string '%c'
C:\Users\gronk the conqueror\source\repos\Final_Project_PTA\Final_Project_PTA\Main.cpp(146,54): message : this argument is used as a buffer size
C:\Users\gronk the conqueror\source\repos\Final_Project_PTA\Final_Project_PTA\Main.cpp(174,6): warning C4101: 'i': unreferenced local variable
C:\Users\gronk the conqueror\source\repos\Final_Project_PTA\Final_Project_PTA\Main.cpp(338,38): warning C4473: 'scanf_s' : not enough arguments passed for format string
C:\Users\gronk the conqueror\source\repos\Final_Project_PTA\Final_Project_PTA\Main.cpp(338,38): message : placeholders and their parameters expect 2 variadic arguments, but 1 were provided
C:\Users\gronk the conqueror\source\repos\Final_Project_PTA\Final_Project_PTA\Main.cpp(338,38): message : the missing variadic argument 2 is required by format string '%c'
C:\Users\gronk the conqueror\source\repos\Final_Project_PTA\Final_Project_PTA\Main.cpp(338,38): message : this argument is used as a buffer size
C:\Users\gronk the conqueror\source\repos\Final_Project_PTA\Final_Project_PTA\Main.cpp(355,37): warning C4477: 'scanf' : format string '%c' requires an argument of type 'char *', but variadic argument 1 has type 'int'
C:\Users\gronk the conqueror\source\repos\Final_Project_PTA\Final_Project_PTA\Main.cpp(413,13): warning C4326: return type of 'main' should be 'int' instead of 'void'
C:\Users\gronk the conqueror\source\repos\Final_Project_PTA\Final_Project_PTA\Main.cpp(170): warning C4715: 'convert': not all control paths return a value
C:\Users\gronk the conqueror\source\repos\Final_Project_PTA\Final_Project_PTA\Main.cpp(411): warning C4715: 'convert_op': not all control paths return a value
  Final_Project_PTA.vcxproj -> C:\Users\gronk the conqueror\source\repos\Final_Project_PTA\Debug\Final_Project_PTA.exe
